<?xml version='1.0' encoding='UTF-8'?>
<testsuite hostname="DESKTOP-1LUDI03" name="CandleTest_4_Load_Gatling" tests="1" errors="0" failures="0" skipped="0" time="9003.648">
                     <properties>
[...]
</properties>
                     <testcase classname="CandleTest_4_Load_Gatling" name="CandleTest_4_Load_Gatling" time="9003.648">
                                                 
                                               </testcase>
                     <system-out><![CDATA[]]></system-out>
                     <system-err><![CDATA[]]></system-err>
                   </testsuite>